Change Component Designator: OldDesignator=L? NewDesignator=L1
Change Component Designator: OldDesignator=L? NewDesignator=L2
Change Component Designator: OldDesignator=L? NewDesignator=L3
Change Component Designator: OldDesignator=L? NewDesignator=L4
Change Component Designator: OldDesignator=SW? NewDesignator=SW1
Added Component: Designator=SW2(SW2)
Add component (AddParameter): Name = "Value"; Value = "SW chip 2 pin"; VariantName = "[No Variations]"
Added Pin To Net: NetName=GND Pin=SW1-1
Added Pin To Net: NetName=BT_STOP Pin=SW1-2
Added Pin To Net: NetName=GND Pin=SW2-1
Added Pin To Net: NetName=BT_RUN Pin=SW2-2
Change Net Name : Old Net Name=NetL?_1 New Net Name=NetL1_1
Change Net Name : Old Net Name=NetL?_2 New Net Name=NetL3_2
Added Pin To Net: NetName=NetL2_2 Pin=L2-2
Added Pin To Net: NetName=NetL2_2 Pin=R3-2
Added Net: Name=NetL2_2
Added Pin To Net: NetName=NetL4_2 Pin=L4-2
Added Pin To Net: NetName=NetL4_2 Pin=R5-2
Added Net: Name=NetL4_2
Added Member To Class: ClassName=Sche_CB Member=Component L1 LED 5mm
Added Member To Class: ClassName=Sche_CB Member=Component L2 LED 5mm
Added Member To Class: ClassName=Sche_CB Member=Component L4 LED 5mm
Added Member To Class: ClassName=Sche_CB Member=Component SW2 SW
