Removed Pin From Net: NetName=GND Pin=L1-2
Removed Pin From Net: NetName=GND Pin=L2-1
Removed Pin From Net: NetName=BT_STOP Pin=L2-2
Removed Pin From Net: NetName=5V Pin=L3-1
Removed Pin From Net: NetName=5V Pin=L4-1
Removed Pin From Net: NetName=5V Pin=L5-1
Removed Pin From Net: NetName=GND Pin=L6-1
Removed Pin From Net: NetName=BT_RUN Pin=L6-2
Removed Member From Class: ClassName=Sche_CB Member=L1
Removed Member From Class: ClassName=Sche_CB Member=L2
Removed Member From Class: ClassName=Sche_CB Member=L3
Removed Member From Class: ClassName=Sche_CB Member=L4
Removed Member From Class: ClassName=Sche_CB Member=L5
Removed Member From Class: ClassName=Sche_CB Member=L6
Added Component: Designator=L?(LED-5MM-Green)
Add component (AddParameter): Name = "Chung_Loai"; Value = "C?m"; VariantName = "[No Variations]"
Add component (AddParameter): Name = "Don_Vi"; Value = "Con"; VariantName = "[No Variations]"
Add component (AddParameter): Name = "Ghi_Chu"; Value = ""; VariantName = "[No Variations]"
Add component (AddParameter): Name = "Kieu_Chan"; Value = ""; VariantName = "[No Variations]"
Add component (AddParameter): Name = "Ma_Hang"; Value = "MH008969"; VariantName = "[No Variations]"
Add component (AddParameter): Name = "Ten_Linh_Kien"; Value = "LED 5MM Ph? Xanh (1000c)"; VariantName = "[No Variations]"
Added Component: Designator=L?(LED-5MM-Yellow)
Add component (AddParameter): Name = "Chung_Loai"; Value = "C?m"; VariantName = "[No Variations]"
Add component (AddParameter): Name = "Don_Vi"; Value = "Con"; VariantName = "[No Variations]"
Add component (AddParameter): Name = "Ghi_Chu"; Value = ""; VariantName = "[No Variations]"
Add component (AddParameter): Name = "Kieu_Chan"; Value = ""; VariantName = "[No Variations]"
Add component (AddParameter): Name = "Ma_Hang"; Value = "MH008968"; VariantName = "[No Variations]"
Add component (AddParameter): Name = "Ten_Linh_Kien"; Value = "Led 5MM Ph? Vàng (1000c)"; VariantName = "[No Variations]"
Added Component: Designator=L?(LED-5MM-RED)
Add component (AddParameter): Name = "Chung_Loai"; Value = "C?m"; VariantName = "[No Variations]"
Add component (AddParameter): Name = "Don_Vi"; Value = "Con"; VariantName = "[No Variations]"
Add component (AddParameter): Name = "Ghi_Chu"; Value = ""; VariantName = "[No Variations]"
Add component (AddParameter): Name = "Kieu_Chan"; Value = ""; VariantName = "[No Variations]"
Add component (AddParameter): Name = "Ma_Hang"; Value = "MH008967"; VariantName = "[No Variations]"
Add component (AddParameter): Name = "Ten_Linh_Kien"; Value = "Led 5MM Ph? Ð? (1000c)"; VariantName = "[No Variations]"
Added Component: Designator=L?(LED-5MM-RED)
Add component (AddParameter): Name = "Chung_Loai"; Value = "C?m"; VariantName = "[No Variations]"
Add component (AddParameter): Name = "Don_Vi"; Value = "Con"; VariantName = "[No Variations]"
Add component (AddParameter): Name = "Ghi_Chu"; Value = ""; VariantName = "[No Variations]"
Add component (AddParameter): Name = "Kieu_Chan"; Value = ""; VariantName = "[No Variations]"
Add component (AddParameter): Name = "Ma_Hang"; Value = "MH008967"; VariantName = "[No Variations]"
Add component (AddParameter): Name = "Ten_Linh_Kien"; Value = "Led 5MM Ph? Ð? (1000c)"; VariantName = "[No Variations]"
Added Component: Designator=SW?(SW2)
Add component (AddParameter): Name = "Value"; Value = "SW chip 2 pin"; VariantName = "[No Variations]"
Added Pin To Net: NetName=5V Pin=L?-1
Added Pin To Net: NetName=5V Pin=L?-1
Added Pin To Net: NetName=5V Pin=L?-1
Added Pin To Net: NetName=GND Pin=L?-2
Added Pin To Net: NetName=NetL?_1 Pin=L?-1
Added Pin To Net: NetName=NetL?_1 Pin=R1-1
Added Net: Name=NetL?_1
Added Pin To Net: NetName=NetL?_2 Pin=L?-2
Added Pin To Net: NetName=NetL?_2 Pin=R4-2
Added Net: Name=NetL?_2
Add Net: Net with name "NetL?_2" already exists
Add Net: Net with name "NetL?_2" already exists
Added Member To Class: ClassName=Sche_CB Member=Component L? LED 5mm
Added Member To Class: ClassName=Sche_CB Member=Component L? LED 5mm
Added Member To Class: ClassName=Sche_CB Member=Component L? LED 5mm
Added Member To Class: ClassName=Sche_CB Member=Component L? LED 5mm
Added Member To Class: ClassName=Sche_CB Member=Component SW? SW
