Change Component Designator: Old Designator=C16 New Designator=C1
Change Component Designator: Old Designator=C17 New Designator=C2
Change Component Designator: Old Designator=C18 New Designator=C3
Change Component Designator: Old Designator=C19 New Designator=C4
Change Component Designator: Old Designator=C20 New Designator=C5
Change Component Designator: Old Designator=C21 New Designator=C6
Change Component Designator: Old Designator=D2 New Designator=D1
Change Component Designator: Old Designator=IC2 New Designator=IC1
Change Component Designator: Old Designator=JACK DC2 New Designator=JACK DC1
Change Component Designator: Old Designator=JP10 New Designator=JP2
Change Component Designator: Old Designator=JP11 New Designator=JP1
Change Component Designator: Old Designator=JP12 New Designator=JP3
Change Component Designator: Old Designator=L5 New Designator=L1
Change Component Designator: Old Designator=L6 New Designator=L3
Change Component Designator: Old Designator=L7 New Designator=L4
Change Component Designator: Old Designator=L8 New Designator=L5
Change Component Designator: Old Designator=L? New Designator=L2
Change Component Designator: Old Designator=L? New Designator=L6
Change Component Designator: Old Designator=R10 New Designator=R1
Change Component Designator: Old Designator=R11 New Designator=R2
Change Component Designator: Old Designator=R12 New Designator=R3
Change Component Designator: Old Designator=R13 New Designator=R4
Change Component Designator: Old Designator=R14 New Designator=R5
Change Component Designator: Old Designator=R15 New Designator=R6
